<?xml version="1.0" encoding="UTF-8"?>
<!-- Generated by org.testng.reporters.JUnitReportReporter -->
<testsuite hostname="DESKTOP-19JMLER" failures="0" tests="1" name="scripts.TestScript" time="66.512" errors="0" timestamp="2023-07-25T06:36:05 GMT-07:00" skipped="0">
  <testcase classname="scripts.TestScript" name="basicTest" time="66.512"/>
</testsuite> <!-- scripts.TestScript -->
